<?xml version="1.0" encoding="UTF-8"?>
<!-- Generated by org.testng.reporters.JUnitReportReporter -->
<testsuite skipped="0" hostname="DESKTOP-3JHPPTI" name="basics" tests="1" failures="0" timestamp="29 Aug 2017 21:48:38 GMT" time="3.739" errors="0">
  <testcase name="Test1" time="3.739" classname="basics"/>
</testsuite> <!-- basics -->
