<?xml version="1.0" encoding="UTF-8"?>
<!-- Generated by org.testng.reporters.JUnitReportReporter -->
<testsuite skipped="0" hostname="DESKTOP-3JHPPTI" name="basics13" tests="1" failures="0" timestamp="06 Sep 2017 14:08:00 GMT" time="4.025" errors="0">
  <testcase name="AddandDeletePlace" time="4.025" classname="basics13"/>
</testsuite> <!-- basics13 -->
