<?xml version="1.0" encoding="UTF-8"?>
<!-- Generated by org.testng.reporters.JUnitReportReporter -->
<testsuite skipped="0" hostname="DESKTOP-3JHPPTI" name="PracticeTest" tests="1" failures="0" timestamp="29 Oct 2017 15:40:35 GMT" time="12.859" errors="0">
  <testcase name="makeSureThatGoogleIsUp" time="12.859" classname="PracticeTest"/>
</testsuite> <!-- PracticeTest -->
