<?xml version="1.0" encoding="UTF-8"?>
<!-- Generated by org.testng.reporters.JUnitReportReporter -->
<testsuite skipped="0" hostname="DESKTOP-3JHPPTI" name="basics5" tests="1" failures="0" timestamp="06 Sep 2017 10:15:25 GMT" time="6.429" errors="0">
  <testcase name="Test1" time="6.429" classname="basics5"/>
</testsuite> <!-- basics5 -->
