<?xml version="1.0" encoding="UTF-8"?>
<!-- Generated by org.testng.reporters.JUnitReportReporter -->
<testsuite skipped="0" hostname="DESKTOP-3JHPPTI" name="basic2" tests="1" failures="0" timestamp="25 Aug 2017 16:07:57 GMT" time="3.812" errors="0">
  <testcase name="postDate" time="3.812" classname="basic2"/>
</testsuite> <!-- basic2 -->
