<?xml version="1.0" encoding="UTF-8"?>
<!-- Generated by org.testng.reporters.JUnitReportReporter -->
<testsuite skipped="0" hostname="DESKTOP-3JHPPTI" name="basics4" tests="1" failures="0" timestamp="26 Aug 2017 06:15:32 GMT" time="3.984" errors="0">
  <testcase name="postDate" time="3.984" classname="basics4"/>
</testsuite> <!-- basics4 -->
