<?xml version="1.0" encoding="UTF-8"?>
<!-- Generated by org.testng.reporters.JUnitReportReporter -->
<testsuite skipped="0" hostname="DESKTOP-3JHPPTI" name="basics14" tests="1" failures="0" timestamp="06 Sep 2017 15:54:06 GMT" time="3.984" errors="0">
  <testcase name="testjsonpath2" time="3.984" classname="basics14"/>
</testsuite> <!-- basics14 -->
