<?xml version="1.0" encoding="UTF-8"?>
<!-- Generated by org.testng.reporters.JUnitReportReporter -->
<testsuite skipped="0" hostname="DESKTOP-3JHPPTI" name="basics3" tests="1" failures="0" timestamp="06 Sep 2017 13:46:58 GMT" time="4.222" errors="0">
  <testcase name="AddandDeletePlace" time="4.222" classname="basics3"/>
</testsuite> <!-- basics3 -->
